<?xml version="1.0" encoding="UTF-8" standalone="yes" ?>
<test-results name="C:\Users\Jens Borrisholt\Documents\GitHUB\Delphi-JsonToDelphiClass\Unit Test\Win32\Debug\JsonToDelphiClassTests.exe" total="8" errors="0" failures="1" ignored="0" inconclusive="0" not-run="0" skipped="0" invalid="0" date="2020-07-28" time="0.169">
  <culture-info current-culture="en" current-uiculture="en" />
  <test-suite type="Assembly" name="JsonToDelphiClassTests.exe" executed="true" result="Failure" success="False" time="0.169" asserts="0">
    <results>
        <test-suite type="Namespace" name="Test" executed="true" result="Failure" success="False" time="0.247" asserts="0" >
          <results>
              <test-suite type="Fixture" name="TAnonymousArrayTest" executed="True" result="Success" success="True" time="0.168" >
                <results>
                  <test-case name="ItemsAssigned" executed="True" result="Success" success="True" time="0.000" asserts="0" />
                  <test-case name="PropertyCheck" executed="True" result="Success" success="True" time="0.000" asserts="0" />
                  <test-case name="ElementPropertyCheck" executed="True" result="Success" success="True" time="0.000" asserts="0" />
                  <test-case name="ItemsElements" executed="True" result="Success" success="True" time="0.000" asserts="0" />
                </results>
              </test-suite>
              <test-suite type="Fixture" name="TAnonymousArrayTest" executed="True" result="Failure" success="False" time="0.079" >
                <results>
                  <test-case name="ItemsAssigned" executed="True" result="Failure" success="False" time="0.031" asserts="0" >
                    <failure>
                      <message>
                        <![CDATA[ Expected 3 but got 2  ]]>
                      </message>
                      <stack-trace>
                        <![CDATA[  ]]>
                      </stack-trace>
                    </failure>
                  </test-case>
                  <test-case name="PropertyCheck" executed="True" result="Success" success="True" time="0.000" asserts="0" />
                  <test-case name="ElementPropertyCheck" executed="True" result="Success" success="True" time="0.000" asserts="0" />
                  <test-case name="ItemsElements" executed="True" result="Success" success="True" time="0.000" asserts="0" />
                </results>
              </test-suite>
          </results>
        </test-suite>
    </results>
  </test-suite>
</test-results>
